2018-06-13 11:22:51 INFO  Starting HelpCenterSearchBotApplication on LAPTOP-JP4SVR5O with PID 9760 (C:\Users\nyson\Desktop\workspace\helpbot\target\classes started by nyson in C:\Users\nyson\Desktop\workspace\helpbot)
2018-06-13 11:22:51 INFO  No active profile set, falling back to default profiles: default
2018-06-13 11:22:51 INFO  Refreshing org.springframework.boot.context.embedded.AnnotationConfigEmbeddedWebApplicationContext@691a7f8f: startup date [Wed Jun 13 11:22:51 BRT 2018]; root of context hierarchy
2018-06-13 11:22:52 INFO  Tomcat initialized with port(s): 8080 (http)
2018-06-13 11:22:52 INFO  Starting service [Tomcat]
2018-06-13 11:22:52 INFO  Starting Servlet Engine: Apache Tomcat/8.5.23
2018-06-13 11:22:52 INFO  Initializing Spring embedded WebApplicationContext
2018-06-13 11:22:52 INFO  Root WebApplicationContext: initialization completed in 877 ms
2018-06-13 11:22:52 INFO  Mapping servlet: 'dispatcherServlet' to [/]
2018-06-13 11:22:52 INFO  Mapping filter: 'characterEncodingFilter' to: [/*]
2018-06-13 11:22:52 INFO  Mapping filter: 'hiddenHttpMethodFilter' to: [/*]
2018-06-13 11:22:52 INFO  Mapping filter: 'httpPutFormContentFilter' to: [/*]
2018-06-13 11:22:52 INFO  Mapping filter: 'requestContextFilter' to: [/*]
2018-06-13 11:22:52 INFO  Looking for @ControllerAdvice: org.springframework.boot.context.embedded.AnnotationConfigEmbeddedWebApplicationContext@691a7f8f: startup date [Wed Jun 13 11:22:51 BRT 2018]; root of context hierarchy
2018-06-13 11:22:52 INFO  Mapped "{[/error]}" onto public org.springframework.http.ResponseEntity<java.util.Map<java.lang.String, java.lang.Object>> org.springframework.boot.autoconfigure.web.BasicErrorController.error(javax.servlet.http.HttpServletRequest)
2018-06-13 11:22:52 INFO  Mapped "{[/error],produces=[text/html]}" onto public org.springframework.web.servlet.ModelAndView org.springframework.boot.autoconfigure.web.BasicErrorController.errorHtml(javax.servlet.http.HttpServletRequest,javax.servlet.http.HttpServletResponse)
2018-06-13 11:22:52 INFO  Mapped URL path [/webjars/**] onto handler of type [class org.springframework.web.servlet.resource.ResourceHttpRequestHandler]
2018-06-13 11:22:52 INFO  Mapped URL path [/**] onto handler of type [class org.springframework.web.servlet.resource.ResourceHttpRequestHandler]
2018-06-13 11:22:52 INFO  Mapped URL path [/**/favicon.ico] onto handler of type [class org.springframework.web.servlet.resource.ResourceHttpRequestHandler]
2018-06-13 11:22:52 INFO  Registering beans for JMX exposure on startup
2018-06-13 11:22:52 INFO  No TaskScheduler/ScheduledExecutorService bean found for scheduled processing
2018-06-13 11:22:52 INFO  Iniciando tarefa...
2018-06-13 11:22:52 INFO  Tomcat started on port(s): 8080 (http)
2018-06-13 11:22:52 INFO  Started HelpCenterSearchBotApplication in 1.571 seconds (JVM running for 2.11)
2018-06-13 11:23:49 INFO  ************************************************************
2018-06-13 11:23:49 INFO   QUANTIDADE DE ARTIGOS INDEXADOS: 0
2018-06-13 11:23:49 INFO   QUANTIDADE DE ARTIGOS ATUALIZADOS: 0
2018-06-13 11:23:49 INFO  ************************************************************
2018-06-13 11:24:34 INFO  ************************************************************
2018-06-13 11:24:34 INFO  QUANTIDADE DE ARTIGOS EXCLUﾃ好OS: 0
2018-06-13 11:24:34 INFO  ************************************************************
2018-06-13 11:24:34 INFO  Programa finalizado!
2018-06-13 13:10:52 INFO  Application shutdown requested.
2018-06-13 13:10:52 INFO  Application shutdown requested.
2018-06-13 13:10:52 INFO  Closing org.springframework.boot.context.embedded.AnnotationConfigEmbeddedWebApplicationContext@691a7f8f: startup date [Wed Jun 13 11:22:51 BRT 2018]; root of context hierarchy
2018-06-13 13:10:52 INFO  Unregistering JMX-exposed beans on shutdown
2018-06-13 13:22:33 INFO  Starting HelpCenterSearchBotApplication on LAPTOP-JP4SVR5O with PID 11976 (C:\Users\nyson\Desktop\workspace\helpbot\target\classes started by nyson in C:\Users\nyson\Desktop\workspace\helpbot)
2018-06-13 13:22:33 INFO  No active profile set, falling back to default profiles: default
2018-06-13 13:22:33 INFO  Refreshing org.springframework.boot.context.embedded.AnnotationConfigEmbeddedWebApplicationContext@691a7f8f: startup date [Wed Jun 13 13:22:33 BRT 2018]; root of context hierarchy
2018-06-13 13:22:34 INFO  Tomcat initialized with port(s): 8080 (http)
2018-06-13 13:22:34 INFO  Starting service [Tomcat]
2018-06-13 13:22:34 INFO  Starting Servlet Engine: Apache Tomcat/8.5.23
2018-06-13 13:22:34 INFO  Initializing Spring embedded WebApplicationContext
2018-06-13 13:22:34 INFO  Root WebApplicationContext: initialization completed in 824 ms
2018-06-13 13:22:34 INFO  Mapping servlet: 'dispatcherServlet' to [/]
2018-06-13 13:22:34 INFO  Mapping filter: 'characterEncodingFilter' to: [/*]
2018-06-13 13:22:34 INFO  Mapping filter: 'hiddenHttpMethodFilter' to: [/*]
2018-06-13 13:22:34 INFO  Mapping filter: 'httpPutFormContentFilter' to: [/*]
2018-06-13 13:22:34 INFO  Mapping filter: 'requestContextFilter' to: [/*]
2018-06-13 13:22:34 INFO  Looking for @ControllerAdvice: org.springframework.boot.context.embedded.AnnotationConfigEmbeddedWebApplicationContext@691a7f8f: startup date [Wed Jun 13 13:22:33 BRT 2018]; root of context hierarchy
2018-06-13 13:22:34 INFO  Mapped "{[/error]}" onto public org.springframework.http.ResponseEntity<java.util.Map<java.lang.String, java.lang.Object>> org.springframework.boot.autoconfigure.web.BasicErrorController.error(javax.servlet.http.HttpServletRequest)
2018-06-13 13:22:34 INFO  Mapped "{[/error],produces=[text/html]}" onto public org.springframework.web.servlet.ModelAndView org.springframework.boot.autoconfigure.web.BasicErrorController.errorHtml(javax.servlet.http.HttpServletRequest,javax.servlet.http.HttpServletResponse)
2018-06-13 13:22:34 INFO  Mapped URL path [/webjars/**] onto handler of type [class org.springframework.web.servlet.resource.ResourceHttpRequestHandler]
2018-06-13 13:22:34 INFO  Mapped URL path [/**] onto handler of type [class org.springframework.web.servlet.resource.ResourceHttpRequestHandler]
2018-06-13 13:22:34 INFO  Mapped URL path [/**/favicon.ico] onto handler of type [class org.springframework.web.servlet.resource.ResourceHttpRequestHandler]
2018-06-13 13:22:35 INFO  Registering beans for JMX exposure on startup
2018-06-13 13:22:35 INFO  No TaskScheduler/ScheduledExecutorService bean found for scheduled processing
2018-06-13 13:22:35 INFO  Iniciando tarefa...
2018-06-13 13:22:35 INFO  Tomcat started on port(s): 8080 (http)
2018-06-13 13:22:35 INFO  Started HelpCenterSearchBotApplication in 1.513 seconds (JVM running for 2.199)
2018-06-13 13:23:31 INFO  ************************************************************
2018-06-13 13:23:31 INFO   QUANTIDADE DE ARTIGOS INDEXADOS: 0
2018-06-13 13:23:31 INFO   QUANTIDADE DE ARTIGOS ATUALIZADOS: 0
2018-06-13 13:23:31 INFO  ************************************************************
2018-06-13 13:24:21 INFO  ************************************************************
2018-06-13 13:24:21 INFO  QUANTIDADE DE ARTIGOS EXCLUﾃ好OS: 0
2018-06-13 13:24:21 INFO  ************************************************************
2018-06-13 13:24:21 INFO  Programa finalizado!
2018-06-13 13:26:13 INFO  Application shutdown requested.
2018-06-13 13:26:13 INFO  Closing org.springframework.boot.context.embedded.AnnotationConfigEmbeddedWebApplicationContext@691a7f8f: startup date [Wed Jun 13 13:22:33 BRT 2018]; root of context hierarchy
2018-06-13 13:26:13 INFO  Unregistering JMX-exposed beans on shutdown
2018-06-13 13:26:38 INFO  Starting HelpCenterSearchBotApplication on LAPTOP-JP4SVR5O with PID 5716 (C:\Users\nyson\Desktop\workspace\helpbot\target\classes started by nyson in C:\Users\nyson\Desktop\workspace\helpbot)
2018-06-13 13:26:38 INFO  No active profile set, falling back to default profiles: default
2018-06-13 13:26:38 INFO  Refreshing org.springframework.boot.context.embedded.AnnotationConfigEmbeddedWebApplicationContext@691a7f8f: startup date [Wed Jun 13 13:26:38 BRT 2018]; root of context hierarchy
2018-06-13 13:26:39 INFO  Tomcat initialized with port(s): 8080 (http)
2018-06-13 13:26:39 INFO  Starting service [Tomcat]
2018-06-13 13:26:39 INFO  Starting Servlet Engine: Apache Tomcat/8.5.23
2018-06-13 13:26:39 INFO  Initializing Spring embedded WebApplicationContext
2018-06-13 13:26:39 INFO  Root WebApplicationContext: initialization completed in 1005 ms
2018-06-13 13:26:39 INFO  Mapping servlet: 'dispatcherServlet' to [/]
2018-06-13 13:26:39 INFO  Mapping filter: 'characterEncodingFilter' to: [/*]
2018-06-13 13:26:39 INFO  Mapping filter: 'hiddenHttpMethodFilter' to: [/*]
2018-06-13 13:26:39 INFO  Mapping filter: 'httpPutFormContentFilter' to: [/*]
2018-06-13 13:26:39 INFO  Mapping filter: 'requestContextFilter' to: [/*]
2018-06-13 13:26:39 INFO  Looking for @ControllerAdvice: org.springframework.boot.context.embedded.AnnotationConfigEmbeddedWebApplicationContext@691a7f8f: startup date [Wed Jun 13 13:26:38 BRT 2018]; root of context hierarchy
2018-06-13 13:26:39 INFO  Mapped "{[/error]}" onto public org.springframework.http.ResponseEntity<java.util.Map<java.lang.String, java.lang.Object>> org.springframework.boot.autoconfigure.web.BasicErrorController.error(javax.servlet.http.HttpServletRequest)
2018-06-13 13:26:39 INFO  Mapped "{[/error],produces=[text/html]}" onto public org.springframework.web.servlet.ModelAndView org.springframework.boot.autoconfigure.web.BasicErrorController.errorHtml(javax.servlet.http.HttpServletRequest,javax.servlet.http.HttpServletResponse)
2018-06-13 13:26:39 INFO  Mapped URL path [/webjars/**] onto handler of type [class org.springframework.web.servlet.resource.ResourceHttpRequestHandler]
2018-06-13 13:26:39 INFO  Mapped URL path [/**] onto handler of type [class org.springframework.web.servlet.resource.ResourceHttpRequestHandler]
2018-06-13 13:26:39 INFO  Mapped URL path [/**/favicon.ico] onto handler of type [class org.springframework.web.servlet.resource.ResourceHttpRequestHandler]
2018-06-13 13:26:39 INFO  Registering beans for JMX exposure on startup
2018-06-13 13:26:39 INFO  No TaskScheduler/ScheduledExecutorService bean found for scheduled processing
2018-06-13 13:26:39 INFO  Iniciando tarefa...
2018-06-13 13:26:39 INFO  Tomcat started on port(s): 8080 (http)
2018-06-13 13:26:39 INFO  Started HelpCenterSearchBotApplication in 1.768 seconds (JVM running for 2.256)
2018-06-13 13:27:33 INFO  ************************************************************
2018-06-13 13:27:33 INFO   QUANTIDADE DE ARTIGOS INDEXADOS: 0
2018-06-13 13:27:33 INFO   QUANTIDADE DE ARTIGOS ATUALIZADOS: 0
2018-06-13 13:27:33 INFO  ************************************************************
2018-06-13 13:28:19 INFO  ************************************************************
2018-06-13 13:28:19 INFO  QUANTIDADE DE ARTIGOS EXCLUﾃ好OS: 0
2018-06-13 13:28:19 INFO  ************************************************************
2018-06-13 13:28:19 INFO  Programa finalizado!
2018-06-13 13:28:29 INFO  Application shutdown requested.
2018-06-13 13:28:29 INFO  Closing org.springframework.boot.context.embedded.AnnotationConfigEmbeddedWebApplicationContext@691a7f8f: startup date [Wed Jun 13 13:26:38 BRT 2018]; root of context hierarchy
2018-06-13 13:28:29 INFO  Unregistering JMX-exposed beans on shutdown
2018-06-14 09:40:46 INFO  Starting HelpCenterSearchBotApplication on LAPTOP-JP4SVR5O with PID 6716 (C:\Users\nyson\Desktop\workspace\helpbot\target\classes started by nyson in C:\Users\nyson\Desktop\workspace\helpbot)
2018-06-14 09:40:46 INFO  No active profile set, falling back to default profiles: default
2018-06-14 09:40:46 INFO  Refreshing org.springframework.boot.context.embedded.AnnotationConfigEmbeddedWebApplicationContext@691a7f8f: startup date [Thu Jun 14 09:40:46 BRT 2018]; root of context hierarchy
2018-06-14 09:40:46 INFO  Tomcat initialized with port(s): 8080 (http)
2018-06-14 09:40:46 INFO  Starting service [Tomcat]
2018-06-14 09:40:46 INFO  Starting Servlet Engine: Apache Tomcat/8.5.23
2018-06-14 09:40:47 INFO  Initializing Spring embedded WebApplicationContext
2018-06-14 09:40:47 INFO  Root WebApplicationContext: initialization completed in 816 ms
2018-06-14 09:40:47 INFO  Mapping servlet: 'dispatcherServlet' to [/]
2018-06-14 09:40:47 INFO  Mapping filter: 'characterEncodingFilter' to: [/*]
2018-06-14 09:40:47 INFO  Mapping filter: 'hiddenHttpMethodFilter' to: [/*]
2018-06-14 09:40:47 INFO  Mapping filter: 'httpPutFormContentFilter' to: [/*]
2018-06-14 09:40:47 INFO  Mapping filter: 'requestContextFilter' to: [/*]
2018-06-14 09:40:47 INFO  Looking for @ControllerAdvice: org.springframework.boot.context.embedded.AnnotationConfigEmbeddedWebApplicationContext@691a7f8f: startup date [Thu Jun 14 09:40:46 BRT 2018]; root of context hierarchy
2018-06-14 09:40:47 INFO  Mapped "{[/error]}" onto public org.springframework.http.ResponseEntity<java.util.Map<java.lang.String, java.lang.Object>> org.springframework.boot.autoconfigure.web.BasicErrorController.error(javax.servlet.http.HttpServletRequest)
2018-06-14 09:40:47 INFO  Mapped "{[/error],produces=[text/html]}" onto public org.springframework.web.servlet.ModelAndView org.springframework.boot.autoconfigure.web.BasicErrorController.errorHtml(javax.servlet.http.HttpServletRequest,javax.servlet.http.HttpServletResponse)
2018-06-14 09:40:47 INFO  Mapped URL path [/webjars/**] onto handler of type [class org.springframework.web.servlet.resource.ResourceHttpRequestHandler]
2018-06-14 09:40:47 INFO  Mapped URL path [/**] onto handler of type [class org.springframework.web.servlet.resource.ResourceHttpRequestHandler]
2018-06-14 09:40:47 INFO  Mapped URL path [/**/favicon.ico] onto handler of type [class org.springframework.web.servlet.resource.ResourceHttpRequestHandler]
2018-06-14 09:40:47 INFO  Registering beans for JMX exposure on startup
2018-06-14 09:40:47 INFO  No TaskScheduler/ScheduledExecutorService bean found for scheduled processing
2018-06-14 09:40:47 INFO  Iniciando tarefa...
2018-06-14 09:40:47 INFO  Tomcat started on port(s): 8080 (http)
2018-06-14 09:40:47 INFO  Started HelpCenterSearchBotApplication in 1.539 seconds (JVM running for 2.006)
2018-06-14 09:41:23 INFO  ************************************************************
2018-06-14 09:41:23 INFO   QUANTIDADE DE ARTIGOS INDEXADOS: 0
2018-06-14 09:41:23 INFO   QUANTIDADE DE ARTIGOS ATUALIZADOS: 0
2018-06-14 09:41:23 INFO  ************************************************************
2018-06-14 09:41:53 INFO  ************************************************************
2018-06-14 09:41:53 INFO  QUANTIDADE DE ARTIGOS EXCLUﾃ好OS: 0
2018-06-14 09:41:53 INFO  ************************************************************
2018-06-14 09:41:53 INFO  Programa finalizado!
2018-06-14 09:41:59 INFO  Application shutdown requested.
2018-06-14 09:41:59 INFO  Closing org.springframework.boot.context.embedded.AnnotationConfigEmbeddedWebApplicationContext@691a7f8f: startup date [Thu Jun 14 09:40:46 BRT 2018]; root of context hierarchy
2018-06-14 09:41:59 INFO  Unregistering JMX-exposed beans on shutdown
