2018-06-14 09:48:01 INFO  Starting HelpCenterSearchBotApplication on LAPTOP-JP4SVR5O with PID 5212 (C:\Users\nyson\Desktop\workspace\helpbot\target\classes started by nyson in C:\Users\nyson\Desktop\workspace\helpbot)
2018-06-14 09:48:01 INFO  No active profile set, falling back to default profiles: default
2018-06-14 09:48:01 INFO  Refreshing org.springframework.boot.context.embedded.AnnotationConfigEmbeddedWebApplicationContext@691a7f8f: startup date [Thu Jun 14 09:48:01 BRT 2018]; root of context hierarchy
2018-06-14 09:48:01 INFO  Tomcat initialized with port(s): 8080 (http)
2018-06-14 09:48:01 INFO  Starting service [Tomcat]
2018-06-14 09:48:01 INFO  Starting Servlet Engine: Apache Tomcat/8.5.23
2018-06-14 09:48:01 INFO  Initializing Spring embedded WebApplicationContext
2018-06-14 09:48:01 INFO  Root WebApplicationContext: initialization completed in 812 ms
2018-06-14 09:48:01 INFO  Mapping servlet: 'dispatcherServlet' to [/]
2018-06-14 09:48:01 INFO  Mapping filter: 'characterEncodingFilter' to: [/*]
2018-06-14 09:48:01 INFO  Mapping filter: 'hiddenHttpMethodFilter' to: [/*]
2018-06-14 09:48:01 INFO  Mapping filter: 'httpPutFormContentFilter' to: [/*]
2018-06-14 09:48:01 INFO  Mapping filter: 'requestContextFilter' to: [/*]
2018-06-14 09:48:02 INFO  Looking for @ControllerAdvice: org.springframework.boot.context.embedded.AnnotationConfigEmbeddedWebApplicationContext@691a7f8f: startup date [Thu Jun 14 09:48:01 BRT 2018]; root of context hierarchy
2018-06-14 09:48:02 INFO  Mapped "{[/error]}" onto public org.springframework.http.ResponseEntity<java.util.Map<java.lang.String, java.lang.Object>> org.springframework.boot.autoconfigure.web.BasicErrorController.error(javax.servlet.http.HttpServletRequest)
2018-06-14 09:48:02 INFO  Mapped "{[/error],produces=[text/html]}" onto public org.springframework.web.servlet.ModelAndView org.springframework.boot.autoconfigure.web.BasicErrorController.errorHtml(javax.servlet.http.HttpServletRequest,javax.servlet.http.HttpServletResponse)
2018-06-14 09:48:02 INFO  Mapped URL path [/webjars/**] onto handler of type [class org.springframework.web.servlet.resource.ResourceHttpRequestHandler]
2018-06-14 09:48:02 INFO  Mapped URL path [/**] onto handler of type [class org.springframework.web.servlet.resource.ResourceHttpRequestHandler]
2018-06-14 09:48:02 INFO  Mapped URL path [/**/favicon.ico] onto handler of type [class org.springframework.web.servlet.resource.ResourceHttpRequestHandler]
2018-06-14 09:48:02 INFO  Registering beans for JMX exposure on startup
2018-06-14 09:48:02 INFO  No TaskScheduler/ScheduledExecutorService bean found for scheduled processing
2018-06-14 09:48:02 INFO  Iniciando tarefa...
2018-06-14 09:48:02 INFO  Tomcat started on port(s): 8080 (http)
2018-06-14 09:48:02 INFO  Started HelpCenterSearchBotApplication in 1.53 seconds (JVM running for 2.018)
2018-06-14 09:48:39 INFO  ************************************************************
2018-06-14 09:48:39 INFO   QUANTIDADE DE ARTIGOS INDEXADOS: 0
2018-06-14 09:48:39 INFO   QUANTIDADE DE ARTIGOS ATUALIZADOS: 0
2018-06-14 09:48:39 INFO  ************************************************************
2018-06-14 09:49:09 INFO  ************************************************************
2018-06-14 09:49:09 INFO  QUANTIDADE DE ARTIGOS EXCLUÍDOS: 0
2018-06-14 09:49:09 INFO  ************************************************************
2018-06-14 09:49:09 INFO  Programa finalizado!
2018-06-14 09:51:45 INFO  Application shutdown requested.
2018-06-14 09:51:45 INFO  Closing org.springframework.boot.context.embedded.AnnotationConfigEmbeddedWebApplicationContext@691a7f8f: startup date [Thu Jun 14 09:48:01 BRT 2018]; root of context hierarchy
2018-06-14 09:51:45 INFO  Unregistering JMX-exposed beans on shutdown
